[     499ms] [ERROR] TypeError: Cannot read properties of null (reading 'useRef')
    at exports.useRef (http://localhost:4321/node_modules/.vite/deps/chunk-SXLIWA5R.js?v=c56cf539:263:24)
    at GiscusComments (http://localhost:4321/src/components/GiscusComments.tsx:21:15)
    at Nh (http://localhost:4321/node_modules/.vite/deps/chunk-TOMGUADY.js?v=c56cf539:3246:11)
    at Vk (http://localhost:4321/node_modules/.vite/deps/chunk-TOMGUADY.js?v=c56cf539:6229:15)
    at Uk (http://localhost:4321/node_modules/.vite/deps/chunk-TOMGUADY.js?v=c56cf539:5923:15)
    at Tk (http://localhost:4321/node_modules/.vite/deps/chunk-TOMGUADY.js?v=c56cf539:5917:28)
    at Ik (http://localhost:4321/node_modules/.vite/deps/chunk-TOMGUADY.js?v=c56cf539:5902:11)
    at Nk (http://localhost:4321/node_modules/.vite/deps/chunk-TOMGUADY.js?v=c56cf539:5633:11)
    at Gk (http://localhost:4321/node_modules/.vite/deps/chunk-TOMGUADY.js?v=c56cf539:5569:55)
    at J (http://localhost:4321/node_modules/.vite/deps/chunk-TOMGUADY.js?v=c56cf539:97:21) @ http://localhost:4321/node_modules/.vite/deps/chunk-TOMGUADY.js?v=c56cf539:3769
[     502ms] Error: Minified React error #423; visit https://reactjs.org/docs/error-decoder.html?invariant=423 for the full message or use the non-minified dev environment for full errors and additional helpful warnings.
    at Vk (http://localhost:4321/node_modules/.vite/deps/chunk-TOMGUADY.js?v=c56cf539:6281:22)
    at Uk (http://localhost:4321/node_modules/.vite/deps/chunk-TOMGUADY.js?v=c56cf539:5923:15)
    at Tk (http://localhost:4321/node_modules/.vite/deps/chunk-TOMGUADY.js?v=c56cf539:5917:28)
    at Ik (http://localhost:4321/node_modules/.vite/deps/chunk-TOMGUADY.js?v=c56cf539:5902:11)
    at Nk (http://localhost:4321/node_modules/.vite/deps/chunk-TOMGUADY.js?v=c56cf539:5633:11)
    at Gk (http://localhost:4321/node_modules/.vite/deps/chunk-TOMGUADY.js?v=c56cf539:5569:55)
    at J (http://localhost:4321/node_modules/.vite/deps/chunk-TOMGUADY.js?v=c56cf539:97:21)
    at MessagePort.R (http://localhost:4321/node_modules/.vite/deps/chunk-TOMGUADY.js?v=c56cf539:129:15)
[     502ms] TypeError: Cannot read properties of null (reading 'useRef')
    at exports.useRef (http://localhost:4321/node_modules/.vite/deps/chunk-SXLIWA5R.js?v=c56cf539:263:24)
    at GiscusComments (http://localhost:4321/src/components/GiscusComments.tsx:21:15)
    at Nh (http://localhost:4321/node_modules/.vite/deps/chunk-TOMGUADY.js?v=c56cf539:3246:11)
    at Vk (http://localhost:4321/node_modules/.vite/deps/chunk-TOMGUADY.js?v=c56cf539:6229:15)
    at Uk (http://localhost:4321/node_modules/.vite/deps/chunk-TOMGUADY.js?v=c56cf539:5923:15)
    at Tk (http://localhost:4321/node_modules/.vite/deps/chunk-TOMGUADY.js?v=c56cf539:5917:28)
    at Ik (http://localhost:4321/node_modules/.vite/deps/chunk-TOMGUADY.js?v=c56cf539:5902:11)
    at Nk (http://localhost:4321/node_modules/.vite/deps/chunk-TOMGUADY.js?v=c56cf539:5633:11)
    at Gk (http://localhost:4321/node_modules/.vite/deps/chunk-TOMGUADY.js?v=c56cf539:5569:55)
    at J (http://localhost:4321/node_modules/.vite/deps/chunk-TOMGUADY.js?v=c56cf539:97:21)
[     511ms] [ERROR] TypeError: Cannot read properties of null (reading 'useState')
    at exports.useState (http://localhost:4321/node_modules/.vite/deps/chunk-SXLIWA5R.js?v=c56cf539:266:24)
    at PageFeedback (http://localhost:4321/src/components/PageFeedback.tsx:22:29)
    at Nh (http://localhost:4321/node_modules/.vite/deps/chunk-TOMGUADY.js?v=c56cf539:3246:11)
    at Vk (http://localhost:4321/node_modules/.vite/deps/chunk-TOMGUADY.js?v=c56cf539:6229:15)
    at Uk (http://localhost:4321/node_modules/.vite/deps/chunk-TOMGUADY.js?v=c56cf539:5923:15)
    at Tk (http://localhost:4321/node_modules/.vite/deps/chunk-TOMGUADY.js?v=c56cf539:5917:28)
    at Ik (http://localhost:4321/node_modules/.vite/deps/chunk-TOMGUADY.js?v=c56cf539:5902:11)
    at Nk (http://localhost:4321/node_modules/.vite/deps/chunk-TOMGUADY.js?v=c56cf539:5633:11)
    at Gk (http://localhost:4321/node_modules/.vite/deps/chunk-TOMGUADY.js?v=c56cf539:5569:55)
    at J (http://localhost:4321/node_modules/.vite/deps/chunk-TOMGUADY.js?v=c56cf539:97:21) @ http://localhost:4321/node_modules/.vite/deps/chunk-TOMGUADY.js?v=c56cf539:3769
[     512ms] Error: Minified React error #423; visit https://reactjs.org/docs/error-decoder.html?invariant=423 for the full message or use the non-minified dev environment for full errors and additional helpful warnings.
    at Vk (http://localhost:4321/node_modules/.vite/deps/chunk-TOMGUADY.js?v=c56cf539:6281:22)
    at Uk (http://localhost:4321/node_modules/.vite/deps/chunk-TOMGUADY.js?v=c56cf539:5923:15)
    at Tk (http://localhost:4321/node_modules/.vite/deps/chunk-TOMGUADY.js?v=c56cf539:5917:28)
    at Ik (http://localhost:4321/node_modules/.vite/deps/chunk-TOMGUADY.js?v=c56cf539:5902:11)
    at Nk (http://localhost:4321/node_modules/.vite/deps/chunk-TOMGUADY.js?v=c56cf539:5633:11)
    at Gk (http://localhost:4321/node_modules/.vite/deps/chunk-TOMGUADY.js?v=c56cf539:5569:55)
    at J (http://localhost:4321/node_modules/.vite/deps/chunk-TOMGUADY.js?v=c56cf539:97:21)
    at MessagePort.R (http://localhost:4321/node_modules/.vite/deps/chunk-TOMGUADY.js?v=c56cf539:129:15)
[     513ms] TypeError: Cannot read properties of null (reading 'useState')
    at exports.useState (http://localhost:4321/node_modules/.vite/deps/chunk-SXLIWA5R.js?v=c56cf539:266:24)
    at PageFeedback (http://localhost:4321/src/components/PageFeedback.tsx:22:29)
    at Nh (http://localhost:4321/node_modules/.vite/deps/chunk-TOMGUADY.js?v=c56cf539:3246:11)
    at Vk (http://localhost:4321/node_modules/.vite/deps/chunk-TOMGUADY.js?v=c56cf539:6229:15)
    at Uk (http://localhost:4321/node_modules/.vite/deps/chunk-TOMGUADY.js?v=c56cf539:5923:15)
    at Tk (http://localhost:4321/node_modules/.vite/deps/chunk-TOMGUADY.js?v=c56cf539:5917:28)
    at Ik (http://localhost:4321/node_modules/.vite/deps/chunk-TOMGUADY.js?v=c56cf539:5902:11)
    at Nk (http://localhost:4321/node_modules/.vite/deps/chunk-TOMGUADY.js?v=c56cf539:5633:11)
    at Gk (http://localhost:4321/node_modules/.vite/deps/chunk-TOMGUADY.js?v=c56cf539:5569:55)
    at J (http://localhost:4321/node_modules/.vite/deps/chunk-TOMGUADY.js?v=c56cf539:97:21)
[  101206ms] [ERROR] WebSocket connection to 'ws://localhost:4321/?token=eUJJ8sKRcJYj' failed:  @ http://localhost:4321/@vite/client:1533
[  101252ms] [ERROR] WebSocket connection to 'ws://localhost:4321/' failed: Error in connection establishment: net::ERR_CONNECTION_REFUSED @ http://localhost:4321/@vite/client:1766
[  102255ms] [ERROR] WebSocket connection to 'ws://localhost:4321/' failed: Error in connection establishment: net::ERR_CONNECTION_REFUSED @ http://localhost:4321/@vite/client:1766
[  105243ms] [ERROR] Failed to load resource: the server responded with a status of 403 () @ https://giscus.app/api/discussions?repo=future-agi%2Fdocs&term=docs%2Fprompt%2F&category=Docs&number=0&strict=false&last=15:0
[  105244ms] [ERROR] Failed to load resource: the server responded with a status of 403 () @ https://giscus.app/api/discussions?repo=future-agi%2Fdocs&term=docs%2Fprompt%2F&category=Docs&number=0&strict=false&first=15:0
[  105246ms] [ERROR] [giscus] An error occurred. Error message: "giscus is not installed on this repository". Please consider reporting this error at https://github.com/giscus/giscus/issues/new. @ https://giscus.app/client.js:6
[  105346ms] [ERROR] [giscus] An error occurred. Error message: "giscus is not installed on this repository". Please consider reporting this error at https://github.com/giscus/giscus/issues/new. @ https://giscus.app/client.js:6
[  108274ms] [ERROR] WebSocket connection to 'ws://localhost:4321/' failed: Error in connection establishment: net::ERR_CONNECTION_REFUSED @ http://localhost:4321/@vite/client:1766
[  110462ms] [ERROR] Failed to load resource: the server responded with a status of 403 () @ https://giscus.app/api/discussions?repo=future-agi%2Fdocs&term=docs%2Fprompt%2F&category=Docs&number=0&strict=false&first=15:0
[  110541ms] [ERROR] Failed to load resource: the server responded with a status of 403 () @ https://giscus.app/api/discussions?repo=future-agi%2Fdocs&term=docs%2Fprompt%2F&category=Docs&number=0&strict=false&last=15:0
[  110541ms] [ERROR] [giscus] An error occurred. Error message: "giscus is not installed on this repository". Please consider reporting this error at https://github.com/giscus/giscus/issues/new. @ https://giscus.app/client.js:6
[  121355ms] [ERROR] WebSocket connection to 'ws://localhost:4321/?token=dsh6cjug0B8k' failed:  @ http://localhost:4321/@vite/client:1533
[  121395ms] [ERROR] WebSocket connection to 'ws://localhost:4321/' failed: Error in connection establishment: net::ERR_CONNECTION_REFUSED @ http://localhost:4321/@vite/client:1766
[  122397ms] [ERROR] WebSocket connection to 'ws://localhost:4321/' failed: Error in connection establishment: net::ERR_CONNECTION_REFUSED @ http://localhost:4321/@vite/client:1766
[  123399ms] [ERROR] WebSocket connection to 'ws://localhost:4321/' failed: Error in connection establishment: net::ERR_CONNECTION_REFUSED @ http://localhost:4321/@vite/client:1766
[  124401ms] [ERROR] WebSocket connection to 'ws://localhost:4321/' failed: Error in connection establishment: net::ERR_CONNECTION_REFUSED @ http://localhost:4321/@vite/client:1766
[  125403ms] [ERROR] WebSocket connection to 'ws://localhost:4321/' failed: Error in connection establishment: net::ERR_CONNECTION_REFUSED @ http://localhost:4321/@vite/client:1766
[  126409ms] [ERROR] WebSocket connection to 'ws://localhost:4321/' failed: Error in connection establishment: net::ERR_CONNECTION_REFUSED @ http://localhost:4321/@vite/client:1766
[  127416ms] [ERROR] WebSocket connection to 'ws://localhost:4321/' failed: Error in connection establishment: net::ERR_CONNECTION_REFUSED @ http://localhost:4321/@vite/client:1766
[  130065ms] [ERROR] Failed to load resource: the server responded with a status of 403 () @ https://giscus.app/api/discussions?repo=future-agi%2Fdocs&term=docs%2Fprompt%2F&category=Docs&number=0&strict=false&last=15:0
[  130168ms] [ERROR] [giscus] An error occurred. Error message: "giscus is not installed on this repository". Please consider reporting this error at https://github.com/giscus/giscus/issues/new. @ https://giscus.app/client.js:6
[  130265ms] [ERROR] Failed to load resource: the server responded with a status of 403 () @ https://giscus.app/api/discussions?repo=future-agi%2Fdocs&term=docs%2Fprompt%2F&category=Docs&number=0&strict=false&first=15:0
[  130367ms] [ERROR] [giscus] An error occurred. Error message: "giscus is not installed on this repository". Please consider reporting this error at https://github.com/giscus/giscus/issues/new. @ https://giscus.app/client.js:6
